<?xml version="1.0" encoding="UTF-8"?>
<testsuite name="Demoblaze product store" tests="1" skipped="0" failures="0" errors="0" timestamp="2020-07-06T13:32:28" hostname="DESKTOP-1SCGRM1" time="21.551">
  <properties/>
  <testcase name="Buying a new laptop in demoblaze" classname="Demoblaze product store" time="21.551"/>
  <system-out><![CDATA[]]></system-out>
  <system-err><![CDATA[jul 06, 2020 8:32:28 AM org.openqa.selenium.remote.DesiredCapabilities chrome
INFORMACIÓN: Using `new ChromeOptions()` is preferred to `DesiredCapabilities.chrome()`
[Test worker] INFO net.serenitybdd.core.webdriver.driverproviders.ProvideNewDriver - Instantiating driver
[Test worker] INFO net.serenitybdd.core.webdriver.driverproviders.ProvideNewDriver - Driver capabilities: Capabilities {acceptInsecureCerts: false, browserName: chrome, chrome.ignoreProtectedModeSettings: true, goog:chromeOptions: {args: [], extensions: []}, ignoreProtectedModeSettings: true, ignoreZoomSetting: true, loggingPrefs: org.openqa.selenium.logging..., platform: ANY, version: }
Starting ChromeDriver 83.0.4103.39 (ccbf011cb2d2b19b506d844400483861342c20cd-refs/branch-heads/4103@{#416}) on port 46250
Only local connections are allowed.
Please see https://chromedriver.chromium.org/security-considerations for suggestions on keeping ChromeDriver safe.
ChromeDriver was started successfully.
jul 06, 2020 8:32:34 AM org.openqa.selenium.remote.ProtocolHandshake createSession
INFORMACIÓN: Detected dialect: W3C
[Test worker] INFO net.thucydides.core.steps.ConsoleLoggingListener - 
        __    _____ _____ ____ _____   ____   _    ____  ____  _____ ____  
  _     \ \  |_   _| ____/ ___|_   _| |  _ \ / \  / ___|/ ___|| ____|  _ \ 
 (_)_____| |   | | |  _| \___ \ | |   | |_) / _ \ \___ \\___ \|  _| | | | |
  _|_____| |   | | | |___ ___) || |   |  __/ ___ \ ___) |___) | |___| |_| |
 (_)     | |   |_| |_____|____/ |_|   |_| /_/   \_\____/|____/|_____|____/ 
        /_/                                                                

TEST PASSED: Buying a new laptop in demoblaze
----------------------------------------------------------------------------
]]></system-err>
</testsuite>
